<?xml version="1.0" encoding="UTF-8"?>
<testsuite name="As a user I want to update a cart in the system" tests="1" skipped="0" failures="0" errors="0" timestamp="2024-11-06T12:40:44" hostname="DESKTOP-OGQ68JO" time="1.008">
  <properties/>
  <testcase name="Successful cart update" classname="As a user I want to update a cart in the system" time="1.008"/>
  <system-out><![CDATA[]]></system-out>
  <system-err><![CDATA[[Test worker] INFO  - 
  _____   ___   ___   _____     ___   _____     _     ___   _____   ___   ___  
 |_   _| | __| / __| |_   _|   / __| |_   _|   /_\   | _ \ |_   _| | __| |   \ 
   | |   | _|  \__ \   | |     \__ \   | |    / _ \  |   /   | |   | _|  | |) |
   |_|   |___| |___/   |_|     |___/   |_|   /_/ \_\ |_|_\   |_|   |___| |___/ 

Successful cart update(as-a-user-i-want-to-update-a-cart-in-the-system;successful-cart-update)
--------------------------------------------------------------------------------
[Test worker] INFO  - 
  _____   ___   ___   _____     ___     _     ___   ___   ___   ___  
 |_   _| | __| / __| |_   _|   | _ \   /_\   / __| / __| | __| |   \ 
   | |   | _|  \__ \   | |     |  _/  / _ \  \__ \ \__ \ | _|  | |) |
   |_|   |___| |___/   |_|     |_|   /_/ \_\ |___/ |___/ |___| |___/ 

Successful cart update
----------------------------------------------------------------------
]]></system-err>
</testsuite>
